VaxiQueue-main/app/build/intermediates/manifest_merge_blame_file/debug/manifest-merger-blame-debug-report.txt
1<?xml version="1.0" encoding="utf-8"?>
2<manifest xmlns:android="http://schemas.android.com/apk/res/android"
3    package="com.example.vaxiqueue"
4    android:versionCode="1"
5    android:versionName="1.0" >
6
7    <uses-sdk
8        android:minSdkVersion="16"
8-->src\main\AndroidManifest.xml
9        android:targetSdkVersion="30" />
9-->src\main\AndroidManifest.xml
10
11    <application
11-->src\main\AndroidManifest.xml:5:5-25:19
12        android:allowBackup="true"
12-->src\main\AndroidManifest.xml:6:9-35
13        android:appComponentFactory="androidx.core.app.CoreComponentFactory"
13-->[androidx.core:core:1.3.1] AndroidManifest.xml:24:18-86
14        android:debuggable="true"
15        android:icon="@mipmap/ic_launcher"
15-->src\main\AndroidManifest.xml:7:9-43
16        android:label="@string/app_name"
16-->src\main\AndroidManifest.xml:8:9-41
17        android:roundIcon="@mipmap/ic_launcher_round"
17-->src\main\AndroidManifest.xml:9:9-54
18        android:supportsRtl="true"
18-->src\main\AndroidManifest.xml:10:9-35
19        android:testOnly="true"
20        android:theme="@style/Theme.VaxiQueue" >
20-->src\main\AndroidManifest.xml:11:9-47
21        <activity android:name="com.example.vaxiqueue.FinalPage" />
21-->src\main\AndroidManifest.xml:12:9-56
21-->src\main\AndroidManifest.xml:12:19-44
22        <activity android:name="com.example.vaxiqueue.UserMainInfo" />
22-->src\main\AndroidManifest.xml:13:9-50
22-->src\main\AndroidManifest.xml:13:19-47
23        <activity android:name="com.example.vaxiqueue.UserInfoMale" />
23-->src\main\AndroidManifest.xml:14:9-50
23-->src\main\AndroidManifest.xml:14:19-47
24        <activity android:name="com.example.vaxiqueue.UserInfo1" />
24-->src\main\AndroidManifest.xml:15:9-47
24-->src\main\AndroidManifest.xml:15:19-44
25        <activity android:name="com.example.vaxiqueue.information_page" />
25-->src\main\AndroidManifest.xml:16:9-54
25-->src\main\AndroidManifest.xml:16:19-51
26        <activity android:name="com.example.vaxiqueue.splash_screen" >
26-->src\main\AndroidManifest.xml:17:9-23:20
26-->src\main\AndroidManifest.xml:17:19-48
27            <intent-filter>
27-->src\main\AndroidManifest.xml:18:13-22:29
28                <action android:name="android.intent.action.MAIN" />
28-->src\main\AndroidManifest.xml:19:17-69
28-->src\main\AndroidManifest.xml:19:25-66
29
30                <category android:name="android.intent.category.LAUNCHER" />
30-->src\main\AndroidManifest.xml:21:17-77
30-->src\main\AndroidManifest.xml:21:27-74
31            </intent-filter>
32        </activity>
33        <activity android:name="com.example.vaxiqueue.MainActivity" />
33-->src\main\AndroidManifest.xml:24:9-50
33-->src\main\AndroidManifest.xml:24:19-47
34    </application>
35
36</manifest>